Wed Mar 06 2013 16:43:49 GMT-0600 (CST) bot {"publicNoticeUrl":"pdf/Houma_Terrebonne_Airport_2012-01842_JPN.pdf","projectManagerName":"John Price","permitApplicationNumber":"MVN-2012-01842-WNN","expirationDate":"2012-09-02","projectManagerPhone":"504-862-2272","projectDescription":"Sub-surface drainage improvements in TERREBONNE PARISH","parish":"terrebonne","location":"Terrebonne Parish","latitude":"","publicNoticeDate":"2012-08-13","type":"impact","status":"1","CUP":"","locationOfWork":"","acreage":"","characterOfWork":"","projectManagerEmail":"john.c.price@usace.army.mil","notes":"","applicant":"Houma Terrebonne Airport Commission","longitude":"","reminderDate":"","drawingsUrl":"pdf/Houma_Terrebonne_Airport_2012-01842_JPN_dwgs.pdf","WQC":"","flagged":"0"}
Wed Mar 06 2013 17:14:11 GMT-0600 (CST) bot {"characterOfWork":"","locationOfWork":""}
Thu Mar 07 2013 09:55:16 GMT-0600 (CST) bot {"characterOfWork":"","locationOfWork":""}
Tue Mar 19 2013 22:08:57 GMT-0500 (CDT) bot {"characterOfWork":"","locationOfWork":""}
Fri Mar 22 2013 00:00:36 GMT-0500 (CDT) bot {"characterOfWork":"","locationOfWork":""}
Sat Mar 23 2013 00:00:25 GMT-0500 (CDT) bot {"characterOfWork":"","locationOfWork":""}
Tue Mar 26 2013 00:00:29 GMT-0500 (CDT) bot {"characterOfWork":"","locationOfWork":""}
Tue Mar 26 2013 11:20:08 GMT-0500 (CDT) bot {"characterOfWork":"","locationOfWork":""}
Sun Apr 07 2013 11:13:56 GMT-0500 (CDT) bot {"characterOfWork":"","locationOfWork":""}
Mon Apr 08 2013 00:00:32 GMT-0500 (CDT) bot {"characterOfWork":"","locationOfWork":""}
Wed Apr 10 2013 15:26:38 GMT-0500 (CDT) Alex {"WQC":"120808-02"}
Wed Apr 10 2013 15:26:50 GMT-0500 (CDT) Alex {"latitude":"29.55445"}
Wed Apr 10 2013 15:27:13 GMT-0500 (CDT) Alex {"longitude":"-90.66029"}
Wed Apr 10 2013 15:27:25 GMT-0500 (CDT) Alex {"acreage":"0.15"}
Wed Apr 10 2013 15:28:19 GMT-0500 (CDT) Alex {"status":"5"}
Wed Apr 10 2013 15:28:19 GMT-0500 (CDT) Alex {"notes":"within coastal zone"}
Fri May 17 2013 12:13:23 GMT-0500 (CDT) Ava {"CUP":"20121002"}
Fri May 24 2013 23:39:33 GMT-0500 (CDT) bot {"characterOfWork":"","locationOfWork":""}
Sat Jun 15 2013 22:03:09 GMT-0500 (CDT) bot {"characterOfWork":"","locationOfWork":""}
Sat Jun 29 2013 01:16:38 GMT-0500 (CDT) bot {"characterOfWork":"","locationOfWork":""}
Thu Jul 11 2013 11:41:39 GMT-0500 (CDT) bot {"characterOfWork":"","locationOfWork":""}
