Wed Mar 06 2013 16:43:49 GMT-0600 (CST) bot {"publicNoticeUrl":"pdf/CIAA_2012-01268_JPN.pdf","projectManagerName":"John Price","permitApplicationNumber":"MVN-2012-01268-WNN","expirationDate":"2012-09-02","projectManagerPhone":"504-862-2272","projectDescription":"Emergency vehicle access road in CALCASIEU PARISH","parish":"calcasieu","location":"Calcasieu Parish","latitude":"","publicNoticeDate":"2012-08-13","type":"impact","status":"1","CUP":"","locationOfWork":"","acreage":"","characterOfWork":"","projectManagerEmail":"john.c.price@usace.army.mil","notes":"","applicant":"Chennault International Airport Authority","longitude":"","reminderDate":"","drawingsUrl":"pdf/CIAA_2012-01268_JPN_dwgs.pdf","WQC":"","flagged":"0"}
Wed Mar 06 2013 17:13:27 GMT-0600 (CST) bot {"characterOfWork":"","locationOfWork":""}
Thu Mar 07 2013 09:55:07 GMT-0600 (CST) bot {"characterOfWork":"","locationOfWork":""}
Tue Mar 19 2013 22:08:55 GMT-0500 (CDT) bot {"characterOfWork":"","locationOfWork":""}
Fri Mar 22 2013 00:00:35 GMT-0500 (CDT) bot {"characterOfWork":"","locationOfWork":""}
Sat Mar 23 2013 00:00:24 GMT-0500 (CDT) bot {"characterOfWork":"","locationOfWork":""}
Tue Mar 26 2013 00:00:27 GMT-0500 (CDT) bot {"characterOfWork":"","locationOfWork":""}
Tue Mar 26 2013 11:20:06 GMT-0500 (CDT) bot {"characterOfWork":"","locationOfWork":""}
Sun Apr 07 2013 11:13:54 GMT-0500 (CDT) bot {"characterOfWork":"","locationOfWork":""}
Mon Apr 08 2013 00:00:30 GMT-0500 (CDT) bot {"characterOfWork":"","locationOfWork":""}
Wed Apr 10 2013 15:28:58 GMT-0500 (CDT) Alex {"WQC":"120806-02"}
Wed Apr 10 2013 15:29:37 GMT-0500 (CDT) Alex {"latitude":"25.00000001"}
Wed Apr 10 2013 15:29:41 GMT-0500 (CDT) Alex {"acreage":"1.3"}
Wed Apr 10 2013 15:30:01 GMT-0500 (CDT) Alex {"latitude":"30.19861"}
Wed Apr 10 2013 15:30:12 GMT-0500 (CDT) Alex {"longitude":"-93.1425"}
Wed Apr 10 2013 15:30:55 GMT-0500 (CDT) Alex {"notes":"within coastal zone"}
Wed Apr 10 2013 15:30:58 GMT-0500 (CDT) Alex {"status":"5"}
Fri May 24 2013 23:39:31 GMT-0500 (CDT) bot {"characterOfWork":"","locationOfWork":""}
Sat Jun 15 2013 22:03:07 GMT-0500 (CDT) bot {"characterOfWork":"","locationOfWork":""}
Sat Jun 29 2013 01:16:37 GMT-0500 (CDT) bot {"characterOfWork":"","locationOfWork":""}
