Wed Mar 06 2013 16:44:11 GMT-0600 (CST) bot {"publicNoticeUrl":"pdf/20112607pn.pdf","projectManagerName":"Melissa Ellis","permitApplicationNumber":"MVN-2011-2607-EQ","expirationDate":"2013-01-22","projectManagerPhone":"504-862-2543","projectDescription":"Culverted Road Repair in PLAQUEMINES PARISH","parish":"plaquemines","location":"Plaquemines Parish","latitude":"","publicNoticeDate":"2012-12-24","type":"impact","status":"1","CUP":"","locationOfWork":"","acreage":"","characterOfWork":"","projectManagerEmail":"melissa.a.ellis@usace.army.mil","notes":"","applicant":"Sundown Energy LP","longitude":"","reminderDate":"","drawingsUrl":"pdf/20112607pnd.pdf","WQC":"","flagged":"0"}
Wed Mar 06 2013 17:10:54 GMT-0600 (CST) bot {"characterOfWork":"","locationOfWork":""}
Thu Mar 07 2013 09:54:57 GMT-0600 (CST) bot {"characterOfWork":"","locationOfWork":""}
Thu Mar 07 2013 10:02:49 GMT-0600 (CST) tom {"CUP":"P20111629"}
Thu Mar 07 2013 10:16:11 GMT-0600 (CST) tom {"WQC":"121217-01"}
Thu Mar 07 2013 10:16:27 GMT-0600 (CST) tom {"longitude":"-89.726028"}
Thu Mar 07 2013 10:16:29 GMT-0600 (CST) tom {"latitude":"29.5301513"}
Thu Mar 07 2013 10:16:41 GMT-0600 (CST) tom {"acreage":"0.0"}
Thu Mar 07 2013 10:16:53 GMT-0600 (CST) tom {"status":"4"}
Thu Mar 07 2013 10:17:03 GMT-0600 (CST) tom {"notes":"Mardi Gras Pass"}
Thu Mar 07 2013 10:18:00 GMT-0600 (CST) tom {"type":"other"}
Thu Mar 07 2013 10:18:44 GMT-0600 (CST) tom {"reminderDate":"2013-02-21"}
Tue Mar 19 2013 22:08:52 GMT-0500 (CDT) bot {"characterOfWork":"","locationOfWork":""}
Fri Mar 22 2013 00:00:31 GMT-0500 (CDT) bot {"characterOfWork":"","locationOfWork":""}
Sat Mar 23 2013 00:00:20 GMT-0500 (CDT) bot {"characterOfWork":"","locationOfWork":""}
Tue Mar 26 2013 00:00:23 GMT-0500 (CDT) bot {"characterOfWork":"","locationOfWork":""}
Tue Mar 26 2013 11:20:01 GMT-0500 (CDT) bot {"characterOfWork":"","locationOfWork":""}
Sun Apr 07 2013 11:13:51 GMT-0500 (CDT) bot {"characterOfWork":"","locationOfWork":""}
Mon Apr 08 2013 00:00:26 GMT-0500 (CDT) bot {"characterOfWork":"","locationOfWork":""}
Fri May 24 2013 23:39:28 GMT-0500 (CDT) bot {"characterOfWork":"","locationOfWork":""}
