Wed Mar 06 2013 16:44:11 GMT-0600 (CST) bot {"publicNoticeUrl":"pdf/2012-02778JPN.pdf","projectManagerName":"James Little","permitApplicationNumber":"MVN-2012-02778-WII","expirationDate":"2013-01-27","projectManagerPhone":"504-862-2272","projectDescription":"Hydrocarbon Pipeline in VERMILION PARISH","parish":"vermilion","location":"Vermilion Parish","latitude":"","publicNoticeDate":"2013-01-07","type":"impact","status":"1","CUP":"","locationOfWork":"","acreage":"","characterOfWork":"","projectManagerEmail":"James.Little@usace.army.mil","notes":"","applicant":"PSI Midstream Partners, L.P.","longitude":"","reminderDate":"","drawingsUrl":"pdf/2012-02778DWGS.pdf","WQC":"","flagged":"0"}
Wed Mar 06 2013 17:17:37 GMT-0600 (CST) bot {"characterOfWork":"","locationOfWork":""}
Thu Mar 07 2013 09:55:21 GMT-0600 (CST) bot {"characterOfWork":"","locationOfWork":""}
Tue Mar 19 2013 22:09:02 GMT-0500 (CDT) bot {"characterOfWork":"","locationOfWork":""}
Fri Mar 22 2013 00:00:42 GMT-0500 (CDT) bot {"characterOfWork":"","locationOfWork":""}
Sat Mar 23 2013 00:00:30 GMT-0500 (CDT) bot {"characterOfWork":"","locationOfWork":""}
Tue Mar 26 2013 00:00:34 GMT-0500 (CDT) bot {"characterOfWork":"","locationOfWork":""}
Tue Mar 26 2013 11:20:14 GMT-0500 (CDT) bot {"characterOfWork":"","locationOfWork":""}
Wed Apr 03 2013 13:50:29 GMT-0500 (CDT) Alex {"WQC":"121219-01"}
Wed Apr 03 2013 13:50:55 GMT-0500 (CDT) Alex {"acreage":"5"}
Wed Apr 03 2013 13:51:36 GMT-0500 (CDT) Alex {"characterOfWork":"installation of 3.53 miles of hydrocarbon pipeline and associated structures."}
Wed Apr 03 2013 13:51:38 GMT-0500 (CDT) Alex {"type":"mitigation"}
Wed Apr 03 2013 13:53:00 GMT-0500 (CDT) Alex {"characterOfWork":"installation of 3.53 miles of hydrocarbon pipeline and associated structures. to offset wetland destruction the constructor will purchase mitigation credit from the Corps."}
Wed Apr 03 2013 13:53:46 GMT-0500 (CDT) Alex {"notes":"within coastal zone"}
Wed Apr 03 2013 13:55:25 GMT-0500 (CDT) Alex {"type":"impact"}
Wed Apr 03 2013 13:57:10 GMT-0500 (CDT) Alex {"latitude":"29.831464"}
Wed Apr 03 2013 13:57:22 GMT-0500 (CDT) Alex {"status":"5"}
Wed Apr 03 2013 13:57:22 GMT-0500 (CDT) Alex {"longitude":"-91.987342"}
Wed Apr 03 2013 13:57:31 GMT-0500 (CDT) Alex {"status":"1"}
Wed Apr 03 2013 13:57:32 GMT-0500 (CDT) Alex {"status":"5"}
Sun Apr 07 2013 11:14:01 GMT-0500 (CDT) bot {"characterOfWork":"","locationOfWork":""}
Mon Apr 08 2013 00:00:37 GMT-0500 (CDT) bot {"characterOfWork":"","locationOfWork":""}
Fri May 24 2013 23:39:38 GMT-0500 (CDT) bot {"characterOfWork":"","locationOfWork":""}
Sat Jun 15 2013 22:03:24 GMT-0500 (CDT) bot {"characterOfWork":"","locationOfWork":""}
